<?xml version="1.0" encoding="UTF-8"?>
<!-- Generated by org.testng.reporters.JUnitReportReporter -->
<testsuite hostname="DESKTOP-E632GH7" failures="0" tests="15" name="Tests.LoginPageTests" time="14.002" errors="0" timestamp="2024-06-22T16:22:50 GET" skipped="0">
  <testcase classname="Tests.LoginPageTests" name="tryingToLoginWithoutUsername" time="1.363"/>
  <testcase classname="Tests.LoginPageTests" name="loginWithWrongUsername" time="1.952"/>
  <testcase classname="Tests.LoginPageTests" name="loginWithWrongUsername" time="1.210"/>
  <testcase classname="Tests.LoginPageTests" name="loginWithWrongPassword" time="1.204"/>
  <testcase classname="Tests.LoginPageTests" name="loginWithWrongPassword" time="1.400"/>
  <testcase classname="Tests.LoginPageTests" name="tryingToLoginWithoutPassword" time="0.532"/>
  <testcase classname="Tests.LoginPageTests" name="tryingToLoginWithoutUsernameAndPassword" time="0.460"/>
  <testcase classname="Tests.LoginPageTests" name="tryingToLoginWithoutPassword" time="0.524"/>
  <testcase classname="Tests.LoginPageTests" name="tryingToLoginWithoutPassword" time="0.496"/>
  <testcase classname="Tests.LoginPageTests" name="tryingToLoginWithoutUsername" time="1.006"/>
  <testcase classname="Tests.LoginPageTests" name="loginWithWrongUsername" time="1.112"/>
  <testcase classname="Tests.LoginPageTests" name="loginWithWrongPassword" time="1.167"/>
  <testcase classname="Tests.LoginPageTests" name="tryingToLoginWithoutUsernameAndPassword" time="0.552"/>
  <testcase classname="Tests.LoginPageTests" name="tryingToLoginWithoutUsername" time="0.534"/>
  <testcase classname="Tests.LoginPageTests" name="tryingToLoginWithoutUsernameAndPassword" time="0.490"/>
</testsuite> <!-- Tests.LoginPageTests -->
