<?xml version="1.0" encoding="UTF-8"?>
<!-- Generated by org.testng.reporters.JUnitReportReporter -->
<testsuite hostname="DESKTOP-E632GH7" failures="0" tests="15" name="Tests.LoginPageTests" time="16.901" errors="0" timestamp="2024-06-22T16:00:35 GET" skipped="0">
  <testcase classname="Tests.LoginPageTests" name="tryingToLoginWithoutUsernameAndPassword" time="0.964"/>
  <testcase classname="Tests.LoginPageTests" name="loginWithWrongUsername" time="1.107"/>
  <testcase classname="Tests.LoginPageTests" name="loginWithWrongUsername" time="1.285"/>
  <testcase classname="Tests.LoginPageTests" name="tryingToLoginWithoutPassword" time="2.743"/>
  <testcase classname="Tests.LoginPageTests" name="tryingToLoginWithoutUsernameAndPassword" time="0.447"/>
  <testcase classname="Tests.LoginPageTests" name="tryingToLoginWithoutPassword" time="0.502"/>
  <testcase classname="Tests.LoginPageTests" name="tryingToLoginWithoutUsername" time="0.560"/>
  <testcase classname="Tests.LoginPageTests" name="loginWithWrongPassword" time="2.146"/>
  <testcase classname="Tests.LoginPageTests" name="loginWithWrongPassword" time="1.285"/>
  <testcase classname="Tests.LoginPageTests" name="tryingToLoginWithoutPassword" time="0.504"/>
  <testcase classname="Tests.LoginPageTests" name="tryingToLoginWithoutUsernameAndPassword" time="0.469"/>
  <testcase classname="Tests.LoginPageTests" name="loginWithWrongPassword" time="1.251"/>
  <testcase classname="Tests.LoginPageTests" name="tryingToLoginWithoutUsername" time="0.669"/>
  <testcase classname="Tests.LoginPageTests" name="loginWithWrongUsername" time="1.735"/>
  <testcase classname="Tests.LoginPageTests" name="tryingToLoginWithoutUsername" time="1.234"/>
</testsuite> <!-- Tests.LoginPageTests -->
